
#version 1.0
* object oriented JS
* added basic features
* validation for required fields

#version 1.1
* Major change - project has been renamed as dreamQuery
* code styling has been changed to jQuery plugin mode

#version 1.2
* configurable settings added for form validation
* user don't need to specify the JS function on button 'onclick'

#version 1.3
* ajax call back added for form submit
* css added for the plugin instead of setting from the JS
* error display mode changed with absolute position

-- Future Version Changes --
#version 1.4
* ability to close the errors -- Done
* mark required field by adding a class
* check type of data for fields [email, string, numeric]
* add support for select and textarea for validation